<?xml version="1.0" encoding="UTF-8"?>
<!-- Generated by org.testng.reporters.JUnitReportReporter -->
<testsuite hostname="DEMON-PC" failures="0" tests="1" name="testCases.TC001_LoginTest" time="10.894" errors="0" timestamp="2024-09-15T18:30:41 IST" skipped="0">
  <testcase classname="testCases.TC001_LoginTest" name="loginApp" time="10.894"/>
</testsuite> <!-- testCases.TC001_LoginTest -->
