<?xml version="1.0" encoding="UTF-8"?>
<!-- Generated by org.testng.reporters.JUnitReportReporter -->
<testsuite hostname="DEMON-PC" failures="0" tests="1" name="testCases.TC001_LoginTest" time="11.327" errors="0" timestamp="2024-09-10T10:41:57 IST" skipped="0">
  <testcase classname="testCases.TC001_LoginTest" name="loginApp" time="11.327"/>
</testsuite> <!-- testCases.TC001_LoginTest -->
