<?xml version="1.0" encoding="UTF-8"?>
<!-- Generated by org.testng.reporters.JUnitReportReporter -->
<testsuite hostname="DEMON-PC" failures="0" tests="1" name="testCases.TC001_LoginTest" time="7.363" errors="0" timestamp="2024-09-07T08:06:56 IST" skipped="0">
  <testcase classname="testCases.TC001_LoginTest" name="loginApp" time="7.363"/>
</testsuite> <!-- testCases.TC001_LoginTest -->
